-------------------------------------------------------------------------------
Test set: com.recipebook.RecipeServiceTest
-------------------------------------------------------------------------------
Tests run: 2, Failures: 0, Errors: 2, Skipped: 0, Time elapsed: 0.462 s <<< FAILURE! -- in com.recipebook.RecipeServiceTest
com.recipebook.RecipeServiceTest.blocksDeletingUsedProduct -- Time elapsed: 0.411 s <<< ERROR!
java.lang.IllegalStateException: Не удалось прочитать хранилище.
	at com.recipebook.storage.JsonFileStorage.read(JsonFileStorage.java:31)
	at com.recipebook.api.RecipeService.createProduct(RecipeService.java:73)
	at com.recipebook.RecipeServiceTest.blocksDeletingUsedProduct(RecipeServiceTest.java:51)
	at java.base/java.lang.reflect.Method.invoke(Method.java:569)
	at java.base/java.util.ArrayList.forEach(ArrayList.java:1511)
	at java.base/java.util.ArrayList.forEach(ArrayList.java:1511)
Caused by: com.fasterxml.jackson.databind.exc.MismatchedInputException: No content to map due to end-of-input
 at [Source: REDACTED (`StreamReadFeature.INCLUDE_SOURCE_IN_LOCATION` disabled); line: 1]
	at com.fasterxml.jackson.databind.exc.MismatchedInputException.from(MismatchedInputException.java:59)
	at com.fasterxml.jackson.databind.ObjectMapper._initForReading(ObjectMapper.java:5062)
	at com.fasterxml.jackson.databind.ObjectMapper._readMapAndClose(ObjectMapper.java:4961)
	at com.fasterxml.jackson.databind.ObjectMapper.readValue(ObjectMapper.java:3887)
	at com.fasterxml.jackson.databind.ObjectMapper.readValue(ObjectMapper.java:3855)
	at com.recipebook.storage.JsonFileStorage.read(JsonFileStorage.java:29)
	... 5 more

com.recipebook.RecipeServiceTest.calculatesDishDraft -- Time elapsed: 0.010 s <<< ERROR!
java.lang.IllegalStateException: Не удалось прочитать хранилище.
	at com.recipebook.storage.JsonFileStorage.read(JsonFileStorage.java:31)
	at com.recipebook.api.RecipeService.createProduct(RecipeService.java:73)
	at com.recipebook.RecipeServiceTest.calculatesDishDraft(RecipeServiceTest.java:32)
	at java.base/java.lang.reflect.Method.invoke(Method.java:569)
	at java.base/java.util.ArrayList.forEach(ArrayList.java:1511)
	at java.base/java.util.ArrayList.forEach(ArrayList.java:1511)
Caused by: com.fasterxml.jackson.databind.exc.MismatchedInputException: No content to map due to end-of-input
 at [Source: REDACTED (`StreamReadFeature.INCLUDE_SOURCE_IN_LOCATION` disabled); line: 1]
	at com.fasterxml.jackson.databind.exc.MismatchedInputException.from(MismatchedInputException.java:59)
	at com.fasterxml.jackson.databind.ObjectMapper._initForReading(ObjectMapper.java:5062)
	at com.fasterxml.jackson.databind.ObjectMapper._readMapAndClose(ObjectMapper.java:4961)
	at com.fasterxml.jackson.databind.ObjectMapper.readValue(ObjectMapper.java:3887)
	at com.fasterxml.jackson.databind.ObjectMapper.readValue(ObjectMapper.java:3855)
	at com.recipebook.storage.JsonFileStorage.read(JsonFileStorage.java:29)
	... 5 more

